<?xml version="1.0" encoding="UTF-8"?>
<!-- Generated by org.testng.reporters.JUnitXMLReporter -->
<testsuite hostname="Bobs-MBP.fios-router.home" ignored="0" name="Default test" tests="3" failures="0" timestamp="2020-07-09T05:52:57 EDT" time="12.17" errors="0">
  <testcase name="verifyHomePageTitle" time="0.011" classname="com.qa.hubspot.tests.HomePageTest"/>
  <testcase name="verifyHomePageHeaderTest" time="0.023" classname="com.qa.hubspot.tests.HomePageTest"/>
  <testcase name="verifyLoggedInUserTest" time="0.021" classname="com.qa.hubspot.tests.HomePageTest"/>
</testsuite> <!-- Default test -->
