<?xml version="1.0" encoding="UTF-8"?>
<!-- Generated by org.testng.reporters.JUnitXMLReporter -->
<testsuite hostname="Bobs-MBP.fios-router.home" ignored="1" name="HubSpot Functional Regression Test" tests="6" failures="0" timestamp="2020-07-16T00:57:17 EDT" time="29.95" errors="0">
  <testcase name="verifyPageTitleTest" time="4.617" classname="com.qa.hubspot.tests.LoginPageTest"/>
  <testcase name="verifySignUpLink" time="0.63" classname="com.qa.hubspot.tests.LoginPageTest"/>
  <testcase name="loginTest" time="4.766" classname="com.qa.hubspot.tests.LoginPageTest"/>
  <testcase name="verifyHomePageTitle" time="0.009" classname="com.qa.hubspot.tests.HomePageTest"/>
  <testcase name="verifyHomePageHeaderTest" time="0.629" classname="com.qa.hubspot.tests.HomePageTest"/>
  <testcase name="verifyLoggedInUserTest" time="0.627" classname="com.qa.hubspot.tests.HomePageTest"/>
  <testcase name="login_invalidTestCase" time="0.0" classname="com.qa.hubspot.tests.LoginPageTest">
    <ignored/>
  </testcase> <!-- login_invalidTestCase -->
</testsuite> <!-- HubSpot Functional Regression Test -->
