<?xml version="1.0" encoding="UTF-8"?>
<testng-results skipped="0" failed="0" ignored="3" total="4" passed="1">
  <reporter-output>
  </reporter-output>
  <suite name="com.qa.hubspot.tests.LoginPageTest" duration-ms="11983" started-at="2020-07-13T14:40:04 EDT" finished-at="2020-07-13T14:40:16 EDT">
    <groups>
    </groups>
    <test name="Command line test" duration-ms="11983" started-at="2020-07-13T14:40:04 EDT" finished-at="2020-07-13T14:40:16 EDT">
      <class name="com.qa.hubspot.tests.LoginPageTest">
        <test-method status="PASS" signature="setUp()[pri:0, instance:com.qa.hubspot.tests.LoginPageTest@59ec2012]" name="setUp" is-config="true" duration-ms="1928" started-at="2020-07-13T14:40:04 EDT" finished-at="2020-07-13T14:40:06 EDT">
          <reporter-output>
          </reporter-output>
        </test-method> <!-- setUp -->
        <test-method status="PASS" signature="loginTest()[pri:3, instance:com.qa.hubspot.tests.LoginPageTest@59ec2012]" name="loginTest" duration-ms="9927" started-at="2020-07-13T14:40:06 EDT" description="login page wrong credentials" finished-at="2020-07-13T14:40:16 EDT">
          <reporter-output>
          </reporter-output>
        </test-method> <!-- loginTest -->
        <test-method status="PASS" signature="tearDown()[pri:0, instance:com.qa.hubspot.tests.LoginPageTest@59ec2012]" name="tearDown" is-config="true" duration-ms="108" started-at="2020-07-13T14:40:16 EDT" finished-at="2020-07-13T14:40:16 EDT">
          <reporter-output>
          </reporter-output>
        </test-method> <!-- tearDown -->
      </class> <!-- com.qa.hubspot.tests.LoginPageTest -->
    </test> <!-- Command line test -->
  </suite> <!-- com.qa.hubspot.tests.LoginPageTest -->
</testng-results>
