<?xml version="1.0" encoding="UTF-8"?>
<testng-results skipped="0" failed="0" ignored="3" total="4" passed="1">
  <reporter-output>
  </reporter-output>
  <suite name="Default suite" duration-ms="15612" started-at="2020-07-13T15:17:38 EDT" finished-at="2020-07-13T15:17:54 EDT">
    <groups>
    </groups>
    <test name="Default test" duration-ms="15612" started-at="2020-07-13T15:17:38 EDT" finished-at="2020-07-13T15:17:54 EDT">
      <class name="com.qa.hubspot.tests.LoginPageTest">
        <test-method status="PASS" signature="setUp()[pri:0, instance:com.qa.hubspot.tests.LoginPageTest@d44fc21]" name="setUp" is-config="true" duration-ms="2712" started-at="2020-07-13T15:17:38 EDT" finished-at="2020-07-13T15:17:41 EDT">
          <reporter-output>
          </reporter-output>
        </test-method> <!-- setUp -->
        <test-method status="PASS" signature="loginTest()[pri:3, instance:com.qa.hubspot.tests.LoginPageTest@d44fc21]" name="loginTest" duration-ms="9446" started-at="2020-07-13T15:17:41 EDT" description="login page wrong credentials" finished-at="2020-07-13T15:17:51 EDT">
          <reporter-output>
          </reporter-output>
        </test-method> <!-- loginTest -->
        <test-method status="PASS" signature="tearDown()[pri:0, instance:com.qa.hubspot.tests.LoginPageTest@d44fc21]" name="tearDown" is-config="true" duration-ms="3425" started-at="2020-07-13T15:17:51 EDT" finished-at="2020-07-13T15:17:54 EDT">
          <reporter-output>
          </reporter-output>
        </test-method> <!-- tearDown -->
      </class> <!-- com.qa.hubspot.tests.LoginPageTest -->
    </test> <!-- Default test -->
  </suite> <!-- Default suite -->
</testng-results>
